<?xml version="1.0" encoding="UTF-8"?>
<!-- Generated by org.testng.reporters.JUnitXMLReporter -->
<testsuite ignored="6" hostname="Aminous129" failures="0" tests="1" name="Default test" time="7.791" errors="0" timestamp="2023-04-27T14:27:59 EDT">
  <testcase classname="com.tutorial.qa.testcases.LoginTest" name="verifyTutorialLoginWithEmptyUsernameAndValidPassword" time="0.629"/>
  <testcase classname="com.tutorial.qa.testcases.LoginTest" name="verifyTutorialLoginWithInValidUsernameAndInValidPassword" time="0.0">
    <ignored/>
  </testcase> <!-- verifyTutorialLoginWithInValidUsernameAndInValidPassword -->
  <testcase classname="com.tutorial.qa.testcases.LoginTest" name="verifyTutorialLoginWithEmptyUsernameAndEmptyPassword" time="0.0">
    <ignored/>
  </testcase> <!-- verifyTutorialLoginWithEmptyUsernameAndEmptyPassword -->
  <testcase classname="com.tutorial.qa.testcases.LoginTest" name="verifyTutorialLoginWithValidUsernameAndInValidPassword" time="0.0">
    <ignored/>
  </testcase> <!-- verifyTutorialLoginWithValidUsernameAndInValidPassword -->
  <testcase classname="com.tutorial.qa.testcases.LoginTest" name="verifyTutorialLoginWithValidUsernameAndValidPassword" time="0.0">
    <ignored/>
  </testcase> <!-- verifyTutorialLoginWithValidUsernameAndValidPassword -->
  <testcase classname="com.tutorial.qa.testcases.LoginTest" name="verifyTutorialLoginWithValidUsernameAndEmptyPassword" time="0.0">
    <ignored/>
  </testcase> <!-- verifyTutorialLoginWithValidUsernameAndEmptyPassword -->
  <testcase classname="com.tutorial.qa.testcases.LoginTest" name="verifyTutorialLoginWithInValidUsernameAndValidPassword" time="0.0">
    <ignored/>
  </testcase> <!-- verifyTutorialLoginWithInValidUsernameAndValidPassword -->
</testsuite> <!-- Default test -->
