<?xml version="1.0" encoding="UTF-8"?>
<!-- Generated by org.testng.reporters.JUnitXMLReporter -->
<testsuite ignored="1" hostname="Aminous129" failures="0" tests="1" name="Registration Test" time="0.003" errors="0" timestamp="2023-03-05T19:44:38 EST">
  <testcase classname="March_1_2023.Registration" name="registerTest" time="0.001"/>
  <testcase classname="March_1_2023.Registration" name="deregisterTest" time="0.0">
    <ignored/>
  </testcase> <!-- deregisterTest -->
</testsuite> <!-- Registration Test -->
