<?xml version="1.0" encoding="UTF-8"?>
<testng-results ignored="6" total="7" passed="1" failed="0" skipped="0">
  <reporter-output>
  </reporter-output>
  <suite started-at="2023-04-27T14:27:51 EDT" name="Default suite" finished-at="2023-04-27T14:27:59 EDT" duration-ms="7791">
    <groups>
    </groups>
    <test started-at="2023-04-27T14:27:51 EDT" name="Default test" finished-at="2023-04-27T14:27:59 EDT" duration-ms="7791">
      <class name="com.tutorial.qa.testcases.LoginTest">
        <test-method is-config="true" signature="setUp()[pri:0, instance:com.tutorial.qa.testcases.LoginTest@7a35b0f5]" started-at="2023-04-27T14:27:51 EDT" name="setUp" finished-at="2023-04-27T14:27:58 EDT" duration-ms="6878" status="PASS">
          <reporter-output>
          </reporter-output>
        </test-method> <!-- setUp -->
        <test-method signature="verifyTutorialLoginWithEmptyUsernameAndValidPassword()[pri:6, instance:com.tutorial.qa.testcases.LoginTest@7a35b0f5]" started-at="2023-04-27T14:27:58 EDT" name="verifyTutorialLoginWithEmptyUsernameAndValidPassword" finished-at="2023-04-27T14:27:58 EDT" duration-ms="629" status="PASS">
          <reporter-output>
          </reporter-output>
        </test-method> <!-- verifyTutorialLoginWithEmptyUsernameAndValidPassword -->
        <test-method is-config="true" signature="tearDown()[pri:0, instance:com.tutorial.qa.testcases.LoginTest@7a35b0f5]" started-at="2023-04-27T14:27:58 EDT" name="tearDown" finished-at="2023-04-27T14:27:59 EDT" duration-ms="255" status="PASS">
          <reporter-output>
          </reporter-output>
        </test-method> <!-- tearDown -->
      </class> <!-- com.tutorial.qa.testcases.LoginTest -->
    </test> <!-- Default test -->
  </suite> <!-- Default suite -->
</testng-results>
